<?xml version="1.0" encoding="UTF-8"?>
<!-- Generated by org.testng.reporters.JUnitReportReporter -->
<testsuite hostname="DESKTOP-H9INCBM" failures="0" tests="4" name="day1.HttpRequest" time="8.070" errors="0" timestamp="2023-08-28T19:35:50 IST" skipped="0">
  <testcase classname="day1.HttpRequest" name="getuser" time="4.957"/>
  <system-out/>
  <testcase classname="day1.HttpRequest" name="CreateUser" time="1.779"/>
  <system-out/>
  <testcase classname="day1.HttpRequest" name="Updateuser" time="0.527"/>
  <system-out/>
  <testcase classname="day1.HttpRequest" name="DeleteUser" time="0.807"/>
  <system-out/>
</testsuite> <!-- day1.HttpRequest -->
