<?xml version="1.0" encoding="UTF-8"?>
<!-- Generated by org.testng.reporters.JUnitReportReporter -->
<testsuite hostname="DESKTOP-H9INCBM" failures="0" tests="1" name="day3.TestPathAndQuery" time="3.819" errors="0" timestamp="2023-08-31T11:32:53 IST" skipped="0">
  <testcase classname="day3.TestPathAndQuery" name="test" time="3.819"/>
  <system-out/>
</testsuite> <!-- day3.TestPathAndQuery -->
