<?xml version="1.0" encoding="UTF-8"?>
<!-- Generated by org.testng.reporters.JUnitReportReporter -->
<testsuite hostname="DESKTOP-H9INCBM" failures="0" tests="1" name="testngtutorial.FirstTestNgScript" time="0.015" errors="0" timestamp="2022-09-25T13:10:08 IST" skipped="0">
  <testcase classname="testngtutorial.FirstTestNgScript" name="selectIteam" time="0.015"/>
  <system-out/>
</testsuite> <!-- testngtutorial.FirstTestNgScript -->
