<?xml version="1.0" encoding="UTF-8"?>
<!-- Generated by org.testng.reporters.JUnitReportReporter -->
<testsuite hostname="DESKTOP-H9INCBM" failures="0" tests="2" name="testngtutorial.SoftAndHardAssert" time="0.034" errors="0" timestamp="2022-09-25T17:58:54 IST" skipped="0">
  <testcase classname="testngtutorial.SoftAndHardAssert" name="hardassert" time="0.026"/>
  <system-out/>
  <testcase classname="testngtutorial.SoftAndHardAssert" name="softassert" time="0.008"/>
  <system-out/>
</testsuite> <!-- testngtutorial.SoftAndHardAssert -->
