<?xml version="1.0" encoding="UTF-8"?>
<!-- Generated by org.testng.reporters.JUnitReportReporter -->
<testsuite hostname="DESKTOP-H9INCBM" failures="0" tests="1" name="restApi.Get_Request" time="3.514" errors="0" timestamp="2022-08-25T19:10:31 IST" skipped="0">
  <testcase classname="restApi.Get_Request" name="getWeatherDetails" time="3.514"/>
  <system-out/>
</testsuite> <!-- restApi.Get_Request -->
