<?xml version="1.0" encoding="UTF-8"?>
<!-- Generated by org.testng.reporters.JUnitReportReporter -->
<testsuite hostname="DESKTOP-H9INCBM" failures="0" tests="2" name="restApi.Get_Request2" time="5.397" errors="0" timestamp="2022-08-25T20:47:20 IST" skipped="0">
  <testcase classname="restApi.Get_Request2" name="test" time="1.573"/>
  <system-out/>
  <testcase classname="restApi.Get_Request2" name="getWeatherDetails" time="3.824"/>
  <system-out/>
</testsuite> <!-- restApi.Get_Request2 -->
