<?xml version="1.0" encoding="UTF-8"?>
<!-- Generated by org.testng.reporters.JUnitReportReporter -->
<testsuite hostname="DESKTOP-H9INCBM" failures="0" tests="6" name="api.test.DDTests" time="14.048" errors="0" timestamp="2023-06-30T16:25:46 IST" skipped="0">
  <testcase classname="api.test.DDTests" name="testPostusers" time="1.662"/>
  <system-out/>
  <testcase classname="api.test.DDTests" name="testPostusers" time="5.524"/>
  <system-out/>
  <testcase classname="api.test.DDTests" name="testPostusers" time="1.915"/>
  <system-out/>
  <testcase classname="api.test.DDTests" name="testDeleteUserByName" time="1.596"/>
  <system-out/>
  <testcase classname="api.test.DDTests" name="testDeleteUserByName" time="1.597"/>
  <system-out/>
  <testcase classname="api.test.DDTests" name="testDeleteUserByName" time="1.754"/>
  <system-out/>
</testsuite> <!-- api.test.DDTests -->
