<?xml version="1.0" encoding="UTF-8"?>
<!-- Generated by org.testng.reporters.JUnitReportReporter -->
<testsuite hostname="DESKTOP-H9INCBM" failures="0" tests="4" name="api.test.Usertests" time="11.587" errors="0" timestamp="2023-06-30T21:07:56 IST" skipped="0">
  <testcase classname="api.test.Usertests" name="testPostuser" time="6.889"/>
  <system-out/>
  <testcase classname="api.test.Usertests" name="getuserByName" time="1.638"/>
  <system-out/>
  <testcase classname="api.test.Usertests" name="testUpdateByUserName" time="1.552"/>
  <system-out/>
  <testcase classname="api.test.Usertests" name="testDeleteuser" time="1.508"/>
  <system-out/>
</testsuite> <!-- api.test.Usertests -->
