<?xml version="1.0" encoding="UTF-8"?>
<!-- Generated by org.testng.reporters.JUnitReportReporter -->
<testsuite hostname="DESKTOP-H9INCBM" failures="0" tests="4" name="api.test.Usertests2" time="12.294" errors="0" timestamp="2023-07-01T19:43:12 IST" skipped="0">
  <testcase classname="api.test.Usertests2" name="testPostuser" time="7.373"/>
  <system-out/>
  <testcase classname="api.test.Usertests2" name="getuserByName" time="1.700"/>
  <system-out/>
  <testcase classname="api.test.Usertests2" name="testUpdateByUserName" time="1.575"/>
  <system-out/>
  <testcase classname="api.test.Usertests2" name="testDeleteuser" time="1.646"/>
  <system-out/>
</testsuite> <!-- api.test.Usertests2 -->
