<?xml version="1.0" encoding="UTF-8"?>
<!-- Generated by org.testng.reporters.JUnitReportReporter -->
<testsuite hostname="DESKTOP-H9INCBM" failures="0" tests="1" name="demo.Demo" time="13.571" errors="0" timestamp="2023-12-10T16:38:14 IST" skipped="0">
  <testcase classname="demo.Demo" name="BatchFile" time="13.571"/>
  <system-out/>
</testsuite> <!-- demo.Demo -->
