<?xml version="1.0" encoding="UTF-8"?>
<!-- Generated by org.testng.reporters.JUnitReportReporter -->
<testsuite hostname="DESKTOP-H9INCBM" failures="0" tests="1" name="day3.HeadersDemo" time="8.319" errors="0" timestamp="2023-03-25T16:45:24 IST" skipped="0">
  <testcase classname="day3.HeadersDemo" name="getHeadersinfo" time="8.319"/>
  <system-out/>
</testsuite> <!-- day3.HeadersDemo -->
