<?xml version="1.0" encoding="UTF-8"?>
<!-- Generated by org.testng.reporters.JUnitReportReporter -->
<testsuite hostname="DESKTOP-H9INCBM" failures="0" tests="1" name="day5.ParsingXMLResponse" time="7.789" errors="0" timestamp="2023-04-05T13:04:20 IST" skipped="0">
  <testcase classname="day5.ParsingXMLResponse" name="xmlresponse" time="7.789"/>
  <system-out/>
</testsuite> <!-- day5.ParsingXMLResponse -->
