<?xml version="1.0" encoding="UTF-8"?>
<!-- Generated by org.testng.reporters.JUnitReportReporter -->
<testsuite hostname="DESKTOP-H9INCBM" failures="0" tests="1" name="day4.ParsingJsonResponseData" time="7.481" errors="0" timestamp="2023-03-26T13:40:34 IST" skipped="0">
  <testcase classname="day4.ParsingJsonResponseData" name="testJsonResponseBodyData" time="7.481"/>
  <system-out/>
</testsuite> <!-- day4.ParsingJsonResponseData -->
