<?xml version="1.0" encoding="UTF-8"?>
<!-- Generated by org.testng.reporters.JUnitReportReporter -->
<testsuite hostname="DESKTOP-H9INCBM" failures="0" tests="4" name="day1.HttpRequests" time="8.836" errors="0" timestamp="2023-02-07T20:43:30 IST" skipped="0">
  <testcase classname="day1.HttpRequests" name="getusers" time="6.186"/>
  <system-out/>
  <testcase classname="day1.HttpRequests" name="createUser" time="1.363"/>
  <system-out/>
  <testcase classname="day1.HttpRequests" name="updateUser" time="0.632"/>
  <system-out/>
  <testcase classname="day1.HttpRequests" name="DeleteUser" time="0.655"/>
  <system-out/>
</testsuite> <!-- day1.HttpRequests -->
