<?xml version="1.0" encoding="UTF-8"?>
<!-- Generated by org.testng.reporters.JUnitReportReporter -->
<testsuite hostname="DESKTOP-H9INCBM" failures="0" tests="1" name="day3.CookiesDemo" time="10.730" errors="0" timestamp="2023-03-25T14:02:04 IST" skipped="0">
  <testcase classname="day3.CookiesDemo" name="getCookiesinfo" time="10.730"/>
  <system-out/>
</testsuite> <!-- day3.CookiesDemo -->
