<?xml version="1.0" encoding="UTF-8"?>
<!-- Generated by org.testng.reporters.JUnitReportReporter -->
<testsuite hostname="DESKTOP-H9INCBM" failures="0" tests="1" name="day3.PathAndQueryParam" time="4.618" errors="0" timestamp="2023-03-24T10:43:45 IST" skipped="0">
  <testcase classname="day3.PathAndQueryParam" name="PathAndQueryParam" time="4.618"/>
  <system-out/>
</testsuite> <!-- day3.PathAndQueryParam -->
