<?xml version="1.0" encoding="UTF-8"?>
<!-- Generated by org.testng.reporters.JUnitReportReporter -->
<testsuite hostname="DESKTOP-H9INCBM" failures="0" tests="1" name="day3.LogingDemo" time="8.805" errors="0" timestamp="2023-03-25T17:04:22 IST" skipped="0">
  <testcase classname="day3.LogingDemo" name="testLogs" time="8.805"/>
  <system-out/>
</testsuite> <!-- day3.LogingDemo -->
