<?xml version="1.0" encoding="UTF-8"?>
<!-- Generated by org.testng.reporters.JUnitReportReporter -->
<testsuite hostname="DESKTOP-H9INCBM" failures="0" tests="4" name="day1.HttpRequest" time="7.741" errors="0" timestamp="2023-06-16T17:41:34 IST" skipped="0">
  <testcase classname="day1.HttpRequest" name="GetUsers" time="5.074"/>
  <system-out/>
  <testcase classname="day1.HttpRequest" name="createUser" time="1.396"/>
  <system-out/>
  <testcase classname="day1.HttpRequest" name="updateUser" time="0.660"/>
  <system-out/>
  <testcase classname="day1.HttpRequest" name="deleteUser" time="0.611"/>
  <system-out/>
</testsuite> <!-- day1.HttpRequest -->
