<?xml version="1.0" encoding="UTF-8"?>
<!-- Generated by org.testng.reporters.JUnitReportReporter -->
<testsuite hostname="DESKTOP-H9INCBM" failures="0" tests="3" name="day4.ParsingjsonResponseData" time="4.784" errors="0" timestamp="2023-06-24T21:58:28 IST" skipped="0">
  <testcase classname="day4.ParsingjsonResponseData" name="testJsonResponse" time="4.546"/>
  <system-out/>
  <testcase classname="day4.ParsingjsonResponseData" name="testjsonData" time="0.163"/>
  <system-out/>
  <testcase classname="day4.ParsingjsonResponseData" name="testjsonDataBody" time="0.075"/>
  <system-out/>
</testsuite> <!-- day4.ParsingjsonResponseData -->
