<?xml version="1.0" encoding="UTF-8"?>
<!-- Generated by org.testng.reporters.JUnitReportReporter -->
<testsuite hostname="DESKTOP-H9INCBM" failures="0" tests="2" name="day2.PostRequestUsingExternalJsonFile" time="5.290" errors="0" timestamp="2023-06-19T13:03:18 IST" skipped="0">
  <testcase classname="day2.PostRequestUsingExternalJsonFile" name="testjsonExternalFile" time="5.167"/>
  <system-out/>
  <testcase classname="day2.PostRequestUsingExternalJsonFile" name="testDelete" time="0.123"/>
  <system-out/>
</testsuite> <!-- day2.PostRequestUsingExternalJsonFile -->
