<?xml version="1.0" encoding="UTF-8"?>
<!-- Generated by org.testng.reporters.JUnitReportReporter -->
<testsuite hostname="DESKTOP-H9INCBM" failures="0" tests="1" name="day8.CreateUser" time="6.551" errors="0" timestamp="2023-06-27T23:18:53 IST" skipped="0">
  <testcase classname="day8.CreateUser" name="testCreateUser" time="6.551"/>
  <system-out/>
</testsuite> <!-- day8.CreateUser -->
