<?xml version="1.0" encoding="UTF-8"?>
<!-- Generated by org.testng.reporters.JUnitReportReporter -->
<testsuite hostname="DESKTOP-H9INCBM" failures="0" tests="1" name="day3.LogDemo" time="3.932" errors="0" timestamp="2023-06-23T21:57:48 IST" skipped="0">
  <testcase classname="day3.LogDemo" name="testLogs" time="3.932"/>
  <system-out/>
</testsuite> <!-- day3.LogDemo -->
