<?xml version="1.0" encoding="UTF-8"?>
<!-- Generated by org.testng.reporters.JUnitReportReporter -->
<testsuite hostname="DESKTOP-H9INCBM" failures="0" tests="2" name="day3.HeadersDemo" time="5.157" errors="0" timestamp="2023-06-23T21:51:26 IST" skipped="0">
  <testcase classname="day3.HeadersDemo" name="testheaders" time="4.604"/>
  <system-out/>
  <testcase classname="day3.HeadersDemo" name="getHeaders" time="0.553"/>
  <system-out/>
</testsuite> <!-- day3.HeadersDemo -->
