<?xml version="1.0" encoding="UTF-8"?>
<!-- Generated by org.testng.reporters.JUnitReportReporter -->
<testsuite hostname="DESKTOP-H9INCBM" failures="0" tests="2" name="day2.PostRequestUsingPoJo" time="6.922" errors="0" timestamp="2023-06-19T12:44:08 IST" skipped="0">
  <testcase classname="day2.PostRequestUsingPoJo" name="testusingPojo" time="6.834"/>
  <system-out/>
  <testcase classname="day2.PostRequestUsingPoJo" name="DeleteRequest" time="0.088"/>
  <system-out/>
</testsuite> <!-- day2.PostRequestUsingPoJo -->
