<?xml version="1.0" encoding="UTF-8"?>
<!-- Generated by org.testng.reporters.JUnitReportReporter -->
<testsuite hostname="DESKTOP-H9INCBM" failures="0" tests="1" name="day7.FakerDataGenerator" time="0.536" errors="0" timestamp="2023-06-27T16:56:28 IST" skipped="0">
  <testcase classname="day7.FakerDataGenerator" name="testfakerDatagenerator" time="0.536"/>
  <system-out/>
</testsuite> <!-- day7.FakerDataGenerator -->
