<?xml version="1.0" encoding="UTF-8"?>
<!-- Generated by org.testng.reporters.JUnitReportReporter -->
<testsuite hostname="DESKTOP-H9INCBM" failures="0" tests="1" name="day3.CookiesDemo" time="3.436" errors="0" timestamp="2023-06-23T21:21:13 IST" skipped="0">
  <testcase classname="day3.CookiesDemo" name="getCookie" time="3.436"/>
  <system-out/>
</testsuite> <!-- day3.CookiesDemo -->
