<?xml version="1.0" encoding="UTF-8"?>
<!-- Generated by org.testng.reporters.JUnitReportReporter -->
<testsuite hostname="DESKTOP-H9INCBM" failures="0" tests="1" name="day8.UpdateUser" time="1.306" errors="0" timestamp="2023-06-27T23:18:53 IST" skipped="0">
  <testcase classname="day8.UpdateUser" name="testUpdateUser" time="1.306"/>
  <system-out/>
</testsuite> <!-- day8.UpdateUser -->
