<?xml version="1.0" encoding="UTF-8"?>
<!-- Generated by org.testng.reporters.JUnitReportReporter -->
<testsuite hostname="DESKTOP-H9INCBM" failures="0" tests="1" name="day8.DeleteUser" time="1.099" errors="0" timestamp="2023-06-27T23:18:53 IST" skipped="0">
  <testcase classname="day8.DeleteUser" name="testDeleteUser" time="1.099"/>
  <system-out/>
</testsuite> <!-- day8.DeleteUser -->
