<?xml version="1.0" encoding="UTF-8"?>
<!-- Generated by org.testng.reporters.JUnitReportReporter -->
<testsuite hostname="DESKTOP-H9INCBM" failures="0" tests="3" name="day5.FileUploadAndDownload" time="5.705" errors="0" timestamp="2023-06-25T22:41:07 IST" skipped="0">
  <testcase classname="day5.FileUploadAndDownload" name="testSingleFileUpload" time="5.131"/>
  <system-out/>
  <testcase classname="day5.FileUploadAndDownload" name="testMultipleFiles" time="0.320"/>
  <system-out/>
  <testcase classname="day5.FileUploadAndDownload" name="testFileDownLoad" time="0.254"/>
  <system-out/>
</testsuite> <!-- day5.FileUploadAndDownload -->
