<?xml version="1.0" encoding="UTF-8"?>
<!-- Generated by org.testng.reporters.JUnitReportReporter -->
<testsuite hostname="DESKTOP-H9INCBM" failures="0" tests="1" name="day3.PathAndQueryParm" time="4.282" errors="0" timestamp="2023-06-22T13:19:28 IST" skipped="0">
  <testcase classname="day3.PathAndQueryParm" name="test_pathQueryparm" time="4.282"/>
  <system-out/>
</testsuite> <!-- day3.PathAndQueryParm -->
