<?xml version="1.0" encoding="UTF-8"?>
<!-- Generated by org.testng.reporters.JUnitReportReporter -->
<testsuite hostname="DESKTOP-H9INCBM" failures="0" tests="2" name="day2.PostRequestUsingJsonObject" time="4.695" errors="0" timestamp="2023-06-19T12:16:25 IST" skipped="0">
  <testcase classname="day2.PostRequestUsingJsonObject" name="PostRequest_using_json" time="4.577"/>
  <system-out/>
  <testcase classname="day2.PostRequestUsingJsonObject" name="DeleteRequest" time="0.118"/>
  <system-out/>
</testsuite> <!-- day2.PostRequestUsingJsonObject -->
