<?xml version="1.0" encoding="UTF-8"?>
<!-- Generated by org.testng.reporters.JUnitReportReporter -->
<testsuite hostname="DESKTOP-H9INCBM" failures="0" tests="3" name="day7.Authentication" time="11.038" errors="0" timestamp="2023-06-27T12:35:24 IST" skipped="0">
  <testcase classname="day7.Authentication" name="testBasicAuthentication" time="7.347"/>
  <system-out/>
  <testcase classname="day7.Authentication" name="testDigestAuthentication" time="2.051"/>
  <system-out/>
  <testcase classname="day7.Authentication" name="testPremptiveAuthentication" time="1.640"/>
  <system-out/>
</testsuite> <!-- day7.Authentication -->
