<?xml version="1.0" encoding="UTF-8"?>
<!-- Generated by org.testng.reporters.JUnitReportReporter -->
<testsuite hostname="DESKTOP-H9INCBM" failures="0" tests="2" name="day2.DiffWaysToCreatePostRequest" time="5.221" errors="0" timestamp="2023-06-18T10:56:18 IST" skipped="0">
  <testcase classname="day2.DiffWaysToCreatePostRequest" name="testPostRequestUsingHashmap" time="5.049"/>
  <system-out/>
  <testcase classname="day2.DiffWaysToCreatePostRequest" name="testDelete" time="0.172"/>
  <system-out/>
</testsuite> <!-- day2.DiffWaysToCreatePostRequest -->
