<?xml version="1.0" encoding="UTF-8"?>
<!-- Generated by org.testng.reporters.JUnitReportReporter -->
<testsuite hostname="DESKTOP-H9INCBM" failures="0" tests="5" name="testRunner.TestRunner" time="4.369" errors="0" timestamp="2023-04-08T11:22:15 IST" skipped="0">
  <testcase classname="testRunner.TestRunner" name="runScenario" time="0.865"/>
  <system-out/>
  <testcase classname="testRunner.TestRunner" name="runScenario" time="0.901"/>
  <system-out/>
  <testcase classname="testRunner.TestRunner" name="runScenario" time="0.879"/>
  <system-out/>
  <testcase classname="testRunner.TestRunner" name="runScenario" time="0.847"/>
  <system-out/>
  <testcase classname="testRunner.TestRunner" name="runScenario" time="0.877"/>
  <system-out/>
</testsuite> <!-- testRunner.TestRunner -->
